[2024-08-08T21:39:38.769880+00:00] slim-app.INFO: Users list was viewed. [] {"uid":"bc4394e"}
[2024-08-08T22:00:21.488079+00:00] slim-app.INFO: Users list was viewed. [] {"uid":"cacb99b"}
[2024-08-09T13:54:51.514963+00:00] slim-app.INFO: Users list was viewed. [] {"uid":"ef82b8c"}
[2024-08-09T13:54:58.531116+00:00] slim-app.INFO: User of id `1` was viewed. [] {"uid":"f0e20a9"}
[2024-08-09T13:57:00.950724+00:00] slim-app.INFO: User groups list was viewed. [] {"uid":"a516994"}
[2024-08-09T15:18:42.478308+00:00] slim-app.INFO: Users list was viewed. [] {"uid":"083b23e"}
[2024-08-09T15:18:51.248673+00:00] slim-app.INFO: User of id `2` was viewed. [] {"uid":"5057757"}
[2024-08-09T15:32:56.913497+00:00] slim-app.INFO: User groups list was viewed. [] {"uid":"f854237"}
[2024-08-09T15:54:11.421209+00:00] slim-app.INFO: User groups list was viewed. [] {"uid":"aa4583e"}
[2024-08-09T16:00:53.553908+00:00] slim-app.INFO: User groups list was viewed. [] {"uid":"2d1cb16"}
[2024-08-09T16:04:22.310853+00:00] slim-app.INFO: User group of id `1` was viewed. [] {"uid":"6e18a17"}
[2024-08-09T16:04:28.216765+00:00] slim-app.INFO: User group of id `19` was viewed. [] {"uid":"0f16a62"}
[2024-08-12T17:41:26.195742+00:00] slim-app.INFO: Roles list was viewed. [] {"uid":"d8723b7"}
[2024-08-12T17:54:08.858163+00:00] slim-app.INFO: Roles list was viewed. [] {"uid":"6e3a2aa"}
[2024-08-12T17:54:09.572714+00:00] slim-app.INFO: Roles list was viewed. [] {"uid":"97943bd"}
[2024-08-12T17:54:10.307031+00:00] slim-app.INFO: Roles list was viewed. [] {"uid":"9416b26"}
[2024-08-12T18:16:18.195191+00:00] slim-app.INFO: Roles list was viewed. [] {"uid":"ccb5eb8"}
[2024-08-12T18:16:19.498522+00:00] slim-app.INFO: Roles list was viewed. [] {"uid":"652f322"}
[2024-08-12T18:50:14.577736+00:00] slim-app.INFO: Roles list was viewed. [] {"uid":"f359f3f"}
[2024-08-12T19:02:09.897339+00:00] slim-app.INFO: Roles list was viewed. [] {"uid":"d2f6dec"}
[2024-08-12T19:02:20.602151+00:00] slim-app.INFO: Permissions list was viewed. [] {"uid":"84c38b6"}
[2024-08-12T20:01:14.489998+00:00] slim-app.INFO: Menus list was viewed. [] {"uid":"829cbc9"}
[2024-08-12T20:01:25.415084+00:00] slim-app.INFO: Menus list was viewed. [] {"uid":"e9a815d"}
[2024-08-12T20:01:26.363151+00:00] slim-app.INFO: Menus list was viewed. [] {"uid":"60a5315"}
[2024-08-12T20:01:26.836097+00:00] slim-app.INFO: Menus list was viewed. [] {"uid":"a1b1201"}
[2024-08-12T20:01:27.000632+00:00] slim-app.INFO: Menus list was viewed. [] {"uid":"688e735"}
[2024-08-12T20:01:27.172939+00:00] slim-app.INFO: Menus list was viewed. [] {"uid":"c5731c1"}
[2024-08-12T20:01:27.395667+00:00] slim-app.INFO: Menus list was viewed. [] {"uid":"02579e3"}
[2024-08-12T20:01:27.596413+00:00] slim-app.INFO: Menus list was viewed. [] {"uid":"8820b08"}
[2024-08-12T20:01:27.822962+00:00] slim-app.INFO: Menus list was viewed. [] {"uid":"f81b230"}
[2024-08-12T20:01:28.287144+00:00] slim-app.INFO: Menus list was viewed. [] {"uid":"1435413"}
[2024-08-12T20:01:28.558972+00:00] slim-app.INFO: Menus list was viewed. [] {"uid":"de9266b"}
[2024-08-12T20:01:57.928896+00:00] slim-app.INFO: Menus list was viewed. [] {"uid":"c8da378"}
[2024-08-12T20:01:58.628838+00:00] slim-app.INFO: Menus list was viewed. [] {"uid":"eb04ab5"}
[2024-08-12T20:01:58.866132+00:00] slim-app.INFO: Menus list was viewed. [] {"uid":"65cc3b0"}
[2024-08-12T20:01:59.076033+00:00] slim-app.INFO: Menus list was viewed. [] {"uid":"8c2da58"}
[2024-08-12T20:01:59.258653+00:00] slim-app.INFO: Menus list was viewed. [] {"uid":"f66a18f"}
[2024-08-12T20:01:59.461703+00:00] slim-app.INFO: Menus list was viewed. [] {"uid":"bf97a71"}
[2024-08-12T20:20:18.738131+00:00] slim-app.INFO: Menus list was viewed. [] {"uid":"9f39672"}
[2024-08-12T20:20:19.915143+00:00] slim-app.INFO: Menus list was viewed. [] {"uid":"b28c5e6"}
[2024-08-12T20:20:20.523610+00:00] slim-app.INFO: Menus list was viewed. [] {"uid":"3b1e7b6"}
[2024-08-12T20:20:20.781907+00:00] slim-app.INFO: Menus list was viewed. [] {"uid":"614ccb1"}
[2024-08-12T20:20:20.968771+00:00] slim-app.INFO: Menus list was viewed. [] {"uid":"843a0da"}
[2024-08-12T20:20:27.952558+00:00] slim-app.INFO: Menus list was viewed. [] {"uid":"45ee79b"}
[2024-08-12T20:20:29.577771+00:00] slim-app.INFO: Menus list was viewed. [] {"uid":"c11e769"}
[2024-08-12T20:20:30.374410+00:00] slim-app.INFO: Menus list was viewed. [] {"uid":"2c00104"}
[2024-08-12T20:20:31.068241+00:00] slim-app.INFO: Menus list was viewed. [] {"uid":"16547ca"}
[2024-08-12T20:20:37.528326+00:00] slim-app.INFO: Menus list was viewed. [] {"uid":"7b14c0c"}
[2024-08-12T20:20:38.549825+00:00] slim-app.INFO: Menus list was viewed. [] {"uid":"9c1cdf6"}
[2024-08-12T20:21:01.082101+00:00] slim-app.INFO: Menus list was viewed. [] {"uid":"ee53745"}
[2024-08-12T20:21:01.809494+00:00] slim-app.INFO: Menus list was viewed. [] {"uid":"70c6fa0"}
[2024-08-12T20:21:02.262621+00:00] slim-app.INFO: Menus list was viewed. [] {"uid":"b0d5167"}
[2024-08-12T20:21:02.571152+00:00] slim-app.INFO: Menus list was viewed. [] {"uid":"202fc91"}
[2024-08-12T20:21:02.748657+00:00] slim-app.INFO: Menus list was viewed. [] {"uid":"8b8c2ea"}
[2024-08-12T20:21:02.958342+00:00] slim-app.INFO: Menus list was viewed. [] {"uid":"3513fba"}
[2024-08-12T20:21:03.170193+00:00] slim-app.INFO: Menus list was viewed. [] {"uid":"914aae5"}
[2024-08-12T20:21:03.336887+00:00] slim-app.INFO: Menus list was viewed. [] {"uid":"9649390"}
[2024-08-12T20:21:03.526332+00:00] slim-app.INFO: Menus list was viewed. [] {"uid":"250074b"}
[2024-08-12T20:21:12.463412+00:00] slim-app.INFO: Menus list was viewed. [] {"uid":"ca51066"}
[2024-08-12T20:21:13.300312+00:00] slim-app.INFO: Menus list was viewed. [] {"uid":"3994b41"}
[2024-08-12T20:21:23.574368+00:00] slim-app.INFO: Menus list was viewed. [] {"uid":"f30b523"}
[2024-08-12T20:21:24.583022+00:00] slim-app.INFO: Menus list was viewed. [] {"uid":"6dafad2"}
[2024-08-12T20:33:34.579014+00:00] slim-app.INFO: Menus list was viewed. [] {"uid":"1d19e30"}
[2024-08-12T20:33:46.441683+00:00] slim-app.INFO: Menus list was viewed. [] {"uid":"0745080"}
[2024-08-12T20:33:52.075944+00:00] slim-app.INFO: Menus list was viewed. [] {"uid":"6b53c4a"}
[2024-08-12T20:42:50.026509+00:00] slim-app.INFO: Menus list was viewed. [] {"uid":"da6500f"}
[2024-08-12T20:42:50.705298+00:00] slim-app.INFO: Menus list was viewed. [] {"uid":"f20b8e6"}
[2024-08-12T20:42:57.384187+00:00] slim-app.INFO: Menus list was viewed. [] {"uid":"66d1330"}
[2024-08-12T20:42:58.171928+00:00] slim-app.INFO: Menus list was viewed. [] {"uid":"0f22c84"}
[2024-08-12T20:42:58.822950+00:00] slim-app.INFO: Menus list was viewed. [] {"uid":"6fd7b6e"}
[2024-08-12T20:42:59.313025+00:00] slim-app.INFO: Menus list was viewed. [] {"uid":"2b415a3"}
[2024-08-12T20:53:29.700859+00:00] slim-app.INFO: Menus list was viewed. [] {"uid":"1404385"}
[2024-08-12T20:53:30.781718+00:00] slim-app.INFO: Menus list was viewed. [] {"uid":"a56ed56"}
[2024-08-12T20:53:31.464201+00:00] slim-app.INFO: Menus list was viewed. [] {"uid":"e3ac111"}
[2024-08-12T20:53:31.624552+00:00] slim-app.INFO: Menus list was viewed. [] {"uid":"0d59ee8"}
[2024-08-12T20:53:31.885041+00:00] slim-app.INFO: Menus list was viewed. [] {"uid":"c78d634"}
[2024-08-12T20:53:32.109068+00:00] slim-app.INFO: Menus list was viewed. [] {"uid":"48544c1"}
[2024-08-12T20:53:32.312201+00:00] slim-app.INFO: Menus list was viewed. [] {"uid":"d73730d"}
[2024-08-12T20:53:32.535099+00:00] slim-app.INFO: Menus list was viewed. [] {"uid":"4f170d8"}
[2024-08-12T20:53:32.755487+00:00] slim-app.INFO: Menus list was viewed. [] {"uid":"59d7be3"}
[2024-08-12T20:53:32.979220+00:00] slim-app.INFO: Menus list was viewed. [] {"uid":"60f2b55"}
[2024-08-12T20:53:33.192023+00:00] slim-app.INFO: Menus list was viewed. [] {"uid":"62926e2"}
[2024-08-12T20:53:33.433248+00:00] slim-app.INFO: Menus list was viewed. [] {"uid":"67f548e"}
[2024-08-12T20:53:33.680707+00:00] slim-app.INFO: Menus list was viewed. [] {"uid":"6cb1c8f"}
[2024-08-12T20:53:33.978577+00:00] slim-app.INFO: Menus list was viewed. [] {"uid":"cf04982"}
[2024-08-12T20:53:34.192006+00:00] slim-app.INFO: Menus list was viewed. [] {"uid":"8749bb3"}
[2024-08-12T20:53:34.584421+00:00] slim-app.INFO: Menus list was viewed. [] {"uid":"694789e"}
[2024-08-12T20:53:34.806358+00:00] slim-app.INFO: Menus list was viewed. [] {"uid":"b54a9e6"}
[2024-08-12T20:53:35.004017+00:00] slim-app.INFO: Menus list was viewed. [] {"uid":"1217932"}
[2024-08-12T20:53:51.881260+00:00] slim-app.INFO: Menus list was viewed. [] {"uid":"1474840"}
[2024-08-12T20:56:08.123490+00:00] slim-app.INFO: Menus list was viewed. [] {"uid":"cc3fa18"}
[2024-08-12T20:56:08.941311+00:00] slim-app.INFO: Menus list was viewed. [] {"uid":"62331cb"}
[2024-08-12T21:01:28.522872+00:00] slim-app.INFO: Menus list was viewed. [] {"uid":"c547c87"}
[2024-08-12T21:16:19.141013+00:00] slim-app.INFO: Menus list was viewed. [] {"uid":"2e98727"}
[2024-08-12T21:16:28.101009+00:00] slim-app.INFO: Menus list was viewed. [] {"uid":"967a1c5"}
[2024-08-12T21:16:28.846607+00:00] slim-app.INFO: Menus list was viewed. [] {"uid":"779bc8e"}
[2024-08-12T21:16:29.396940+00:00] slim-app.INFO: Menus list was viewed. [] {"uid":"12bfb88"}
[2024-08-12T21:16:29.876672+00:00] slim-app.INFO: Menus list was viewed. [] {"uid":"be33cf0"}
[2024-08-12T21:16:30.340377+00:00] slim-app.INFO: Menus list was viewed. [] {"uid":"275d9fe"}
[2024-08-12T21:16:41.760111+00:00] slim-app.INFO: Menus list was viewed. [] {"uid":"3d87028"}
[2024-08-12T21:16:42.450321+00:00] slim-app.INFO: Menus list was viewed. [] {"uid":"b6b280d"}
[2024-08-12T21:16:43.136316+00:00] slim-app.INFO: Menus list was viewed. [] {"uid":"7c7b04d"}
[2024-08-12T21:16:43.735598+00:00] slim-app.INFO: Menus list was viewed. [] {"uid":"d604b6f"}
[2024-08-12T21:16:44.273308+00:00] slim-app.INFO: Menus list was viewed. [] {"uid":"441187d"}
[2024-08-12T21:16:44.514483+00:00] slim-app.INFO: Menus list was viewed. [] {"uid":"c1c1cf6"}
[2024-08-12T21:16:44.700948+00:00] slim-app.INFO: Menus list was viewed. [] {"uid":"af5a172"}
[2024-08-12T21:16:44.886790+00:00] slim-app.INFO: Menus list was viewed. [] {"uid":"97ec1d5"}
[2024-08-12T21:16:45.085871+00:00] slim-app.INFO: Menus list was viewed. [] {"uid":"a79360e"}
[2024-08-12T21:16:45.266172+00:00] slim-app.INFO: Menus list was viewed. [] {"uid":"e8f55af"}
[2024-08-12T21:16:45.452897+00:00] slim-app.INFO: Menus list was viewed. [] {"uid":"6c65299"}
[2024-08-12T21:16:45.657760+00:00] slim-app.INFO: Menus list was viewed. [] {"uid":"6e9adf0"}
[2024-08-12T21:16:45.806370+00:00] slim-app.INFO: Menus list was viewed. [] {"uid":"08c5caf"}
[2024-08-12T21:16:46.009282+00:00] slim-app.INFO: Menus list was viewed. [] {"uid":"c7ed74b"}
[2024-08-12T21:18:29.111143+00:00] slim-app.INFO: Menus list was viewed. [] {"uid":"a6e64a5"}
[2024-08-12T22:17:05.695535+00:00] slim-app.INFO: CertificateConsecutives list was viewed. [] {"uid":"d72c99d"}
[2024-08-12T22:32:42.197154+00:00] slim-app.INFO: CertificateConsecutives list was viewed. [] {"uid":"d00e601"}
[2024-08-12T22:33:49.757362+00:00] slim-app.INFO: CertificateConsecutives list was viewed. [] {"uid":"9ffee3f"}
[2024-08-12T22:33:51.146586+00:00] slim-app.INFO: CertificateConsecutives list was viewed. [] {"uid":"d4e1594"}
[2024-08-12T22:33:51.746051+00:00] slim-app.INFO: CertificateConsecutives list was viewed. [] {"uid":"c67c542"}
[2024-08-12T22:33:52.213213+00:00] slim-app.INFO: CertificateConsecutives list was viewed. [] {"uid":"bd6fbb5"}
[2024-08-12T22:34:08.454929+00:00] slim-app.INFO: CertificateConsecutives list was viewed. [] {"uid":"e8e1b9a"}
[2024-08-12T22:34:22.968953+00:00] slim-app.INFO: CertificateConsecutives list was viewed. [] {"uid":"e164767"}
[2024-08-12T22:34:23.992613+00:00] slim-app.INFO: CertificateConsecutives list was viewed. [] {"uid":"721f004"}
[2024-08-12T22:35:11.483716+00:00] slim-app.INFO: CertificateConsecutives list was viewed. [] {"uid":"355c9cc"}
[2024-08-12T22:35:12.136785+00:00] slim-app.INFO: CertificateConsecutives list was viewed. [] {"uid":"dc41c16"}
[2024-08-12T22:35:12.340628+00:00] slim-app.INFO: CertificateConsecutives list was viewed. [] {"uid":"52a6828"}
[2024-08-12T22:35:19.908654+00:00] slim-app.INFO: CertificateConsecutives list was viewed. [] {"uid":"9c5faaa"}
[2024-08-12T22:47:01.135062+00:00] slim-app.INFO: CertificateConsecutives list date Ranger was viewed. [] {"uid":"0c526a4"}
[2024-08-12T22:47:09.649750+00:00] slim-app.INFO: CertificateConsecutives list date Ranger was viewed. [] {"uid":"5ea4b02"}
[2024-08-20T23:05:10.606093+00:00] slim-app.INFO: User of id `1` was viewed. [] {"uid":"0156d3d"}
[2024-08-20T23:07:28.722790+00:00] slim-app.INFO: Menus list was viewed. [] {"uid":"744ae99"}
[2024-08-20T23:07:48.774679+00:00] slim-app.INFO: Menus list was viewed. [] {"uid":"8b4bece"}
[2024-08-21T12:38:03.271341+00:00] slim-app.INFO: Menus list was viewed. [] {"uid":"b8ad538"}
[2024-08-21T12:39:11.246801+00:00] slim-app.INFO: Menus list was viewed. [] {"uid":"93fa690"}
[2024-08-21T12:39:12.588351+00:00] slim-app.INFO: Menus list was viewed. [] {"uid":"5b51040"}
[2024-08-21T12:39:19.714372+00:00] slim-app.INFO: Menus list was viewed. [] {"uid":"257c610"}
[2024-08-21T13:45:23.442369+00:00] slim-app.INFO: Menus list was viewed. [] {"uid":"cbaf60f"}
[2024-08-21T13:53:15.796477+00:00] slim-app.INFO: Menus list was viewed. [] {"uid":"9fe010d"}
[2024-08-21T13:53:24.852460+00:00] slim-app.INFO: Menus list was viewed. [] {"uid":"f1f747d"}
[2024-08-21T13:53:25.806036+00:00] slim-app.INFO: Menus list was viewed. [] {"uid":"e995b5b"}
[2024-08-21T13:53:26.553134+00:00] slim-app.INFO: Menus list was viewed. [] {"uid":"8d3ec00"}
[2024-08-21T13:53:41.795557+00:00] slim-app.INFO: Menus list was viewed. [] {"uid":"119b1bf"}
[2024-08-21T13:53:45.584666+00:00] slim-app.INFO: Menus list was viewed. [] {"uid":"7de4017"}
[2024-08-21T13:54:08.399592+00:00] slim-app.INFO: Menus list was viewed. [] {"uid":"f41ca9e"}
[2024-08-21T13:59:48.150304+00:00] slim-app.INFO: Menus list was viewed. [] {"uid":"0e62699"}
[2024-08-21T13:59:49.032121+00:00] slim-app.INFO: Menus list was viewed. [] {"uid":"cdf77b0"}
[2024-08-21T14:00:01.994746+00:00] slim-app.INFO: Menus list was viewed. [] {"uid":"a02c59c"}
[2024-08-21T14:00:02.744906+00:00] slim-app.INFO: Menus list was viewed. [] {"uid":"2b0523a"}
[2024-08-21T14:00:08.700485+00:00] slim-app.INFO: Menu of id `1` was viewed. [] {"uid":"2b9ff99"}
[2024-08-21T14:29:13.473600+00:00] slim-app.INFO: Menu of id `3` was viewed. [] {"uid":"38cdd1a"}
[2024-08-22T20:19:39.078909+00:00] slim-app.INFO: Menu of id `0` was viewed. [] {"uid":"ab80491"}
[2024-08-22T20:19:39.099377+00:00] slim-app.INFO: Menu of id `0` was viewed. [] {"uid":"cd94b7c"}
[2024-08-22T20:19:39.570242+00:00] slim-app.INFO: Menu of id `1` was viewed. [] {"uid":"c194588"}
[2024-08-22T20:22:13.773860+00:00] slim-app.INFO: Menu of id `1` was viewed. [] {"uid":"bcc29a7"}
[2024-08-22T20:22:29.995037+00:00] slim-app.INFO: Menu of id `1` was viewed. [] {"uid":"476c591"}
[2024-08-22T20:23:18.554397+00:00] slim-app.INFO: Menu of id `1` was viewed. [] {"uid":"be57987"}
[2024-08-22T20:23:44.507411+00:00] slim-app.INFO: Menu of id `1` was viewed. [] {"uid":"79d035a"}
[2024-08-22T20:30:47.757916+00:00] slim-app.INFO: Menu of id `0` was viewed. [] {"uid":"8b1b82b"}
[2024-08-22T20:30:47.813542+00:00] slim-app.INFO: Menu of id `0` was viewed. [] {"uid":"2acad6a"}
[2024-08-22T20:30:48.279843+00:00] slim-app.INFO: Menu of id `1` was viewed. [] {"uid":"d2a8a0f"}
[2024-08-22T20:31:02.555514+00:00] slim-app.INFO: Menu of id `0` was viewed. [] {"uid":"1330e65"}
[2024-08-22T20:31:02.599382+00:00] slim-app.INFO: Menu of id `0` was viewed. [] {"uid":"4917ba6"}
[2024-08-22T20:31:02.770768+00:00] slim-app.INFO: Menu of id `1` was viewed. [] {"uid":"53fe73e"}
[2024-08-22T20:37:44.525698+00:00] slim-app.INFO: Menu of id `1` was viewed. [] {"uid":"9b56ac4"}
[2024-08-22T20:39:16.255042+00:00] slim-app.INFO: Menu of id `1` was viewed. [] {"uid":"ea44a4f"}
[2024-08-22T20:42:34.750831+00:00] slim-app.INFO: Menu of id `1` was viewed. [] {"uid":"ae5674c"}
[2024-08-22T20:43:03.681046+00:00] slim-app.INFO: Menu of id `1` was viewed. [] {"uid":"f2e1e44"}
[2024-08-22T20:53:35.013242+00:00] slim-app.INFO: Menu of id `1` was viewed. [] {"uid":"f6b5a8f"}
[2024-08-22T20:54:04.758682+00:00] slim-app.INFO: Menu of id `1` was viewed. [] {"uid":"a688dbe"}
[2024-08-22T20:54:21.699475+00:00] slim-app.INFO: Menu of id `1` was viewed. [] {"uid":"975f169"}
[2024-08-22T20:54:24.368108+00:00] slim-app.INFO: Menu of id `1` was viewed. [] {"uid":"f13a692"}
[2024-08-22T20:59:29.013536+00:00] slim-app.INFO: Menu of id `1` was viewed. [] {"uid":"a544b49"}
[2024-08-22T20:59:43.542112+00:00] slim-app.INFO: Menu of id `0` was viewed. [] {"uid":"7690acb"}
[2024-08-22T20:59:43.542148+00:00] slim-app.INFO: Menu of id `0` was viewed. [] {"uid":"5f52df4"}
[2024-08-22T20:59:43.771772+00:00] slim-app.INFO: Menu of id `1` was viewed. [] {"uid":"250fac3"}
[2024-08-22T21:01:14.864337+00:00] slim-app.INFO: Menu of id `1` was viewed. [] {"uid":"7514405"}
[2024-08-22T21:03:58.255553+00:00] slim-app.INFO: Menu of id `0` was viewed. [] {"uid":"54d76c2"}
[2024-08-22T21:03:58.281380+00:00] slim-app.INFO: Menu of id `0` was viewed. [] {"uid":"8ef6658"}
[2024-08-22T21:03:58.440195+00:00] slim-app.INFO: Menu of id `1` was viewed. [] {"uid":"c99672e"}
[2024-08-22T21:05:01.237112+00:00] slim-app.INFO: Menu of id `1` was viewed. [] {"uid":"8ae56a3"}
[2024-08-22T21:05:11.698952+00:00] slim-app.INFO: Menu of id `1` was viewed. [] {"uid":"5314f1e"}
[2024-08-22T21:05:16.535326+00:00] slim-app.INFO: Menu of id `0` was viewed. [] {"uid":"8792563"}
[2024-08-22T21:05:16.561816+00:00] slim-app.INFO: Menu of id `0` was viewed. [] {"uid":"d6a318c"}
[2024-08-22T21:05:16.769327+00:00] slim-app.INFO: Menu of id `1` was viewed. [] {"uid":"9b7a761"}
[2024-08-22T21:07:03.060320+00:00] slim-app.INFO: Menu of id `1` was viewed. [] {"uid":"b73eaa9"}
[2024-08-22T21:07:32.531132+00:00] slim-app.INFO: Menu of id `1` was viewed. [] {"uid":"4fcd59a"}
[2024-08-22T21:08:08.349200+00:00] slim-app.INFO: Menu of id `1` was viewed. [] {"uid":"5121790"}
[2024-08-22T21:10:30.744924+00:00] slim-app.INFO: Menu of id `1` was viewed. [] {"uid":"3eb3e64"}
[2024-08-22T21:11:55.245117+00:00] slim-app.INFO: Menu of id `1` was viewed. [] {"uid":"4a594b3"}
[2024-08-22T21:12:11.371931+00:00] slim-app.INFO: Menu of id `1` was viewed. [] {"uid":"4d97464"}
[2024-08-22T21:12:32.076717+00:00] slim-app.INFO: Menu of id `1` was viewed. [] {"uid":"346f126"}
[2024-08-22T21:24:42.189311+00:00] slim-app.INFO: Menu of id `0` was viewed. [] {"uid":"86bf159"}
[2024-08-22T21:24:42.286920+00:00] slim-app.INFO: Menu of id `0` was viewed. [] {"uid":"77080e2"}
[2024-08-22T21:24:42.445576+00:00] slim-app.INFO: Menu of id `1` was viewed. [] {"uid":"1c03c4d"}
[2024-08-22T21:25:21.392882+00:00] slim-app.INFO: Menu of id `1` was viewed. [] {"uid":"1794d86"}
[2024-08-22T21:25:43.879405+00:00] slim-app.INFO: Menu of id `0` was viewed. [] {"uid":"baeae20"}
[2024-08-22T21:25:43.918841+00:00] slim-app.INFO: Menu of id `0` was viewed. [] {"uid":"32008c2"}
[2024-08-22T21:25:44.126298+00:00] slim-app.INFO: Menu of id `1` was viewed. [] {"uid":"77c7a1d"}
[2024-08-22T21:26:39.287462+00:00] slim-app.INFO: Menu of id `1` was viewed. [] {"uid":"d779a73"}
[2024-08-22T21:26:42.686238+00:00] slim-app.INFO: Menu of id `0` was viewed. [] {"uid":"c9c142d"}
[2024-08-22T21:26:42.737135+00:00] slim-app.INFO: Menu of id `0` was viewed. [] {"uid":"64b0482"}
[2024-08-22T21:26:42.869978+00:00] slim-app.INFO: Menu of id `1` was viewed. [] {"uid":"02c1355"}
[2024-08-22T21:26:51.066062+00:00] slim-app.INFO: Menu of id `0` was viewed. [] {"uid":"d5b0c35"}
[2024-08-22T21:26:51.117219+00:00] slim-app.INFO: Menu of id `0` was viewed. [] {"uid":"23c8544"}
[2024-08-22T21:26:51.299198+00:00] slim-app.INFO: Menu of id `1` was viewed. [] {"uid":"f7983ac"}
[2024-08-22T21:26:56.489401+00:00] slim-app.INFO: Menu of id `0` was viewed. [] {"uid":"1b7f1e7"}
[2024-08-22T21:26:56.527869+00:00] slim-app.INFO: Menu of id `0` was viewed. [] {"uid":"7a22a71"}
[2024-08-22T21:26:56.704275+00:00] slim-app.INFO: Menu of id `1` was viewed. [] {"uid":"45f5cac"}
[2024-08-22T21:37:47.852643+00:00] slim-app.INFO: Menu of id `0` was viewed. [] {"uid":"9abb8a1"}
[2024-08-22T21:37:47.865386+00:00] slim-app.INFO: Menu of id `0` was viewed. [] {"uid":"d3eb478"}
[2024-08-22T21:37:48.217248+00:00] slim-app.INFO: Menu of id `1` was viewed. [] {"uid":"c6aa73a"}
[2024-08-22T21:41:49.656353+00:00] slim-app.INFO: Menu of id `1` was viewed. [] {"uid":"b612c5e"}
[2024-08-22T21:42:34.425178+00:00] slim-app.INFO: Menu of id `1` was viewed. [] {"uid":"aed1ffb"}
[2024-08-22T21:42:44.028577+00:00] slim-app.INFO: Menu of id `1` was viewed. [] {"uid":"5283573"}
[2024-08-22T21:43:22.948111+00:00] slim-app.INFO: Menu of id `1` was viewed. [] {"uid":"abd7246"}
[2024-08-22T21:43:36.539735+00:00] slim-app.INFO: Menu of id `1` was viewed. [] {"uid":"0f3c692"}
[2024-08-22T21:43:51.349940+00:00] slim-app.INFO: Menu of id `1` was viewed. [] {"uid":"23fdea0"}
[2024-08-22T21:54:50.553136+00:00] slim-app.INFO: Menu of id `1` was viewed. [] {"uid":"229abd6"}
[2024-08-22T21:55:07.283406+00:00] slim-app.INFO: Menu of id `1` was viewed. [] {"uid":"118662f"}
[2024-08-22T21:55:26.409514+00:00] slim-app.INFO: Menu of id `1` was viewed. [] {"uid":"fa0c84d"}
[2024-08-22T21:55:30.143233+00:00] slim-app.INFO: Menu of id `0` was viewed. [] {"uid":"21706da"}
[2024-08-22T21:55:30.217641+00:00] slim-app.INFO: Menu of id `0` was viewed. [] {"uid":"c4a8b79"}
[2024-08-22T21:55:30.455972+00:00] slim-app.INFO: Menu of id `1` was viewed. [] {"uid":"331e929"}
[2024-08-22T21:58:15.499181+00:00] slim-app.INFO: Menu of id `1` was viewed. [] {"uid":"9088369"}
[2024-08-22T22:01:49.153641+00:00] slim-app.INFO: Menu of id `1` was viewed. [] {"uid":"098762f"}
[2024-08-22T22:02:21.596510+00:00] slim-app.INFO: Menu of id `1` was viewed. [] {"uid":"55da864"}
[2024-08-22T22:03:16.653938+00:00] slim-app.INFO: Menu of id `1` was viewed. [] {"uid":"9d05f44"}
[2024-08-22T22:03:57.128651+00:00] slim-app.INFO: Menu of id `1` was viewed. [] {"uid":"e53e7e3"}
[2024-08-22T22:05:31.877061+00:00] slim-app.INFO: Menu of id `1` was viewed. [] {"uid":"3ffc607"}
[2024-08-22T22:05:59.246664+00:00] slim-app.INFO: Menu of id `1` was viewed. [] {"uid":"fba443d"}
[2024-08-22T22:06:45.240636+00:00] slim-app.INFO: Menu of id `1` was viewed. [] {"uid":"06a3987"}
[2024-08-22T22:06:49.671656+00:00] slim-app.INFO: Menu of id `1` was viewed. [] {"uid":"aa7a20f"}
[2024-08-22T22:06:50.678092+00:00] slim-app.INFO: Menu of id `1` was viewed. [] {"uid":"0b208e4"}
[2024-08-22T22:06:56.511904+00:00] slim-app.INFO: Menu of id `0` was viewed. [] {"uid":"cc5c7bc"}
[2024-08-22T22:06:56.547195+00:00] slim-app.INFO: Menu of id `0` was viewed. [] {"uid":"c0a2859"}
[2024-08-22T22:06:56.763425+00:00] slim-app.INFO: Menu of id `1` was viewed. [] {"uid":"16c7bc0"}
[2024-08-22T22:07:05.070560+00:00] slim-app.INFO: Menu of id `1` was viewed. [] {"uid":"00438c6"}
[2024-08-22T22:07:56.106801+00:00] slim-app.INFO: Menu of id `1` was viewed. [] {"uid":"5ba8307"}
[2024-08-22T22:07:58.679735+00:00] slim-app.INFO: Menu of id `0` was viewed. [] {"uid":"5e3dde6"}
[2024-08-22T22:07:58.718465+00:00] slim-app.INFO: Menu of id `0` was viewed. [] {"uid":"5862691"}
[2024-08-22T22:07:58.859624+00:00] slim-app.INFO: Menu of id `1` was viewed. [] {"uid":"b91d8ca"}
[2024-08-22T22:08:06.933112+00:00] slim-app.INFO: Menu of id `1` was viewed. [] {"uid":"8bb2905"}
[2024-08-22T22:08:28.928069+00:00] slim-app.INFO: Menu of id `1` was viewed. [] {"uid":"f1b9d39"}
[2024-08-22T22:08:31.623754+00:00] slim-app.INFO: Menu of id `0` was viewed. [] {"uid":"928be08"}
[2024-08-22T22:08:31.660022+00:00] slim-app.INFO: Menu of id `0` was viewed. [] {"uid":"039a971"}
[2024-08-22T22:08:31.794303+00:00] slim-app.INFO: Menu of id `1` was viewed. [] {"uid":"fe15f85"}
[2024-08-22T22:09:39.004241+00:00] slim-app.INFO: Menu of id `0` was viewed. [] {"uid":"0312ac4"}
[2024-08-22T22:09:39.038348+00:00] slim-app.INFO: Menu of id `0` was viewed. [] {"uid":"b292aeb"}
[2024-08-22T22:09:39.179566+00:00] slim-app.INFO: Menu of id `1` was viewed. [] {"uid":"9c91816"}
[2024-08-22T22:10:35.178127+00:00] slim-app.INFO: Menu of id `1` was viewed. [] {"uid":"c5ce3ad"}
[2024-08-22T22:14:48.539929+00:00] slim-app.INFO: Menu of id `1` was viewed. [] {"uid":"ddb5371"}
[2024-08-23T20:29:44.498928+00:00] slim-app.INFO: Menu of id `1` was viewed. [] {"uid":"6818df6"}
[2024-08-23T21:03:37.325407+00:00] slim-app.INFO: Menu of id `1` was viewed. [] {"uid":"7feb8ef"}
[2024-08-23T21:10:48.206589+00:00] slim-app.INFO: Menu of id `1` was viewed. [] {"uid":"3d933cc"}
[2024-08-23T21:34:02.545603+00:00] slim-app.INFO: Menu of id `1` was viewed. [] {"uid":"e8278bc"}
[2024-08-23T21:34:28.187311+00:00] slim-app.INFO: Menu of id `1` was viewed. [] {"uid":"23475a9"}
[2024-08-23T21:34:28.244972+00:00] slim-app.INFO: Menu of id `1` was viewed. [] {"uid":"0b450be"}
[2024-08-23T21:34:28.302243+00:00] slim-app.INFO: Menu of id `1` was viewed. [] {"uid":"42d6d20"}
[2024-08-23T21:34:56.916103+00:00] slim-app.INFO: Menu of id `1` was viewed. [] {"uid":"744424e"}
[2024-08-23T21:34:56.916514+00:00] slim-app.INFO: Menu of id `1` was viewed. [] {"uid":"0eea045"}
[2024-08-23T21:34:57.018000+00:00] slim-app.INFO: Menu of id `1` was viewed. [] {"uid":"d0081bc"}
[2024-08-23T21:35:03.381665+00:00] slim-app.INFO: Menu of id `1` was viewed. [] {"uid":"c0e04a3"}
[2024-08-23T21:35:03.437345+00:00] slim-app.INFO: Menu of id `1` was viewed. [] {"uid":"3928783"}
[2024-08-23T21:35:03.479059+00:00] slim-app.INFO: Menu of id `1` was viewed. [] {"uid":"152fc5a"}
[2024-08-23T21:56:23.280778+00:00] slim-app.INFO: Menu of id `1` was viewed. [] {"uid":"75f7a3c"}
[2024-08-23T21:56:38.403962+00:00] slim-app.INFO: Menu of id `1` was viewed. [] {"uid":"fb3a291"}
[2024-08-23T21:56:41.879665+00:00] slim-app.INFO: Menu of id `1` was viewed. [] {"uid":"82d8569"}
[2024-08-23T21:57:11.551460+00:00] slim-app.INFO: Menu of id `1` was viewed. [] {"uid":"fcb6add"}
[2024-08-23T21:57:17.406292+00:00] slim-app.INFO: Menu of id `1` was viewed. [] {"uid":"21f6191"}
[2024-08-23T22:01:35.488207+00:00] slim-app.INFO: Menu of id `1` was viewed. [] {"uid":"6f930bc"}
[2024-08-23T22:01:54.818213+00:00] slim-app.INFO: Menu of id `1` was viewed. [] {"uid":"bd4973f"}
[2024-08-23T22:08:30.946987+00:00] slim-app.INFO: Menu of id `1` was viewed. [] {"uid":"a7d0ee2"}
[2024-08-23T22:09:29.171365+00:00] slim-app.INFO: Menu of id `1` was viewed. [] {"uid":"9cd2503"}
[2024-08-23T22:11:37.191894+00:00] slim-app.INFO: Menu of id `1` was viewed. [] {"uid":"5949f45"}
[2024-08-23T22:13:08.409526+00:00] slim-app.INFO: Menu of id `1` was viewed. [] {"uid":"52b9972"}
[2024-08-23T22:14:08.716842+00:00] slim-app.INFO: Menu of id `1` was viewed. [] {"uid":"1643179"}
[2024-08-23T22:19:00.151192+00:00] slim-app.INFO: Menu of id `1` was viewed. [] {"uid":"bc91428"}
[2024-08-23T22:19:04.927855+00:00] slim-app.INFO: Menu of id `1` was viewed. [] {"uid":"9cb5233"}
[2024-08-23T22:19:50.690754+00:00] slim-app.INFO: Menu of id `1` was viewed. [] {"uid":"7be60cc"}
[2024-08-23T22:20:07.125259+00:00] slim-app.INFO: Menu of id `1` was viewed. [] {"uid":"4b1216e"}
[2024-08-23T22:20:50.254722+00:00] slim-app.INFO: Menu of id `1` was viewed. [] {"uid":"6cf97f2"}
[2024-08-23T22:21:06.805661+00:00] slim-app.INFO: Menu of id `1` was viewed. [] {"uid":"1530bf7"}
[2024-08-23T22:23:08.353342+00:00] slim-app.INFO: Menu of id `1` was viewed. [] {"uid":"87f7789"}
[2024-08-23T22:23:41.175750+00:00] slim-app.INFO: Menu of id `1` was viewed. [] {"uid":"57d7fea"}
[2024-08-23T22:24:28.139519+00:00] slim-app.INFO: Menu of id `1` was viewed. [] {"uid":"ab8ccb1"}
[2024-08-23T22:32:59.850257+00:00] slim-app.INFO: Menu of id `1` was viewed. [] {"uid":"98139dc"}
[2024-08-26T13:28:22.564310+00:00] slim-app.INFO: Menu of id `1` was viewed. [] {"uid":"f560694"}
[2024-08-26T13:45:17.559179+00:00] slim-app.INFO: Menu of id `1` was viewed. [] {"uid":"a27c58b"}
[2024-08-26T14:08:11.358463+00:00] slim-app.INFO: Menu of id `1` was viewed. [] {"uid":"8f43971"}
[2024-08-26T14:09:50.124613+00:00] slim-app.INFO: Menu of id `1` was viewed. [] {"uid":"9833679"}
[2024-08-26T14:10:20.044156+00:00] slim-app.INFO: Menu of id `1` was viewed. [] {"uid":"b3570d4"}
[2024-08-26T14:12:08.662706+00:00] slim-app.INFO: Menu of id `1` was viewed. [] {"uid":"5d7aa61"}
[2024-08-26T14:13:15.313834+00:00] slim-app.INFO: Menu of id `1` was viewed. [] {"uid":"dad7bec"}
[2024-08-26T14:16:19.923646+00:00] slim-app.INFO: Menu of id `1` was viewed. [] {"uid":"1834a36"}
[2024-08-26T14:44:25.997338+00:00] slim-app.INFO: Menu of id `1` was viewed. [] {"uid":"c5e97d8"}
[2024-08-26T14:45:25.705306+00:00] slim-app.INFO: Menu of id `1` was viewed. [] {"uid":"c037877"}
[2024-08-26T15:00:16.148570+00:00] slim-app.INFO: Menu of id `1` was viewed. [] {"uid":"dc774be"}
[2024-08-26T15:08:05.183396+00:00] slim-app.INFO: Users list was viewed. [] {"uid":"4c0a7ae"}
[2024-08-26T15:10:34.798854+00:00] slim-app.INFO: Menu of id `1` was viewed. [] {"uid":"0c60d69"}
[2024-08-26T15:10:56.446434+00:00] slim-app.INFO: Menu of id `1` was viewed. [] {"uid":"7095945"}
[2024-08-26T15:18:24.433063+00:00] slim-app.INFO: Menu of id `1` was viewed. [] {"uid":"a4e8996"}
[2024-08-26T15:21:27.231590+00:00] slim-app.INFO: Menu of id `1` was viewed. [] {"uid":"7661f84"}
[2024-08-26T15:22:24.375921+00:00] slim-app.INFO: Menu of id `1` was viewed. [] {"uid":"4f3fe4f"}
[2024-08-26T15:44:21.275594+00:00] slim-app.INFO: Menu of id `1` was viewed. [] {"uid":"ab5f427"}
[2024-08-26T16:03:02.825053+00:00] slim-app.INFO: Menu of id `1` was viewed. [] {"uid":"c2b8029"}
[2024-08-26T16:27:47.881332+00:00] slim-app.INFO: Users list was viewed. [] {"uid":"5d34135"}
[2024-08-26T16:27:47.895335+00:00] slim-app.INFO: Users list was viewed. [] {"uid":"e8bf889"}
[2024-08-26T16:27:48.139236+00:00] slim-app.INFO: Menu of id `1` was viewed. [] {"uid":"4b800f5"}
[2024-08-26T16:27:48.621820+00:00] slim-app.INFO: Users list was viewed. [] {"uid":"787b09e"}
[2024-08-26T16:31:13.714979+00:00] slim-app.INFO: Users list was viewed. [] {"uid":"f9fb819"}
[2024-08-26T16:31:13.727216+00:00] slim-app.INFO: Users list was viewed. [] {"uid":"e5d1d8c"}
[2024-08-26T16:31:13.841649+00:00] slim-app.INFO: Menu of id `1` was viewed. [] {"uid":"14b1f0b"}
[2024-08-26T16:32:07.357167+00:00] slim-app.INFO: Users list was viewed. [] {"uid":"cb0265a"}
[2024-08-26T16:32:07.357656+00:00] slim-app.INFO: Users list was viewed. [] {"uid":"92cc1c4"}
[2024-08-26T16:32:38.673192+00:00] slim-app.INFO: Users list was viewed. [] {"uid":"a1631fe"}
[2024-08-26T16:32:49.332383+00:00] slim-app.INFO: Users list was viewed. [] {"uid":"5016f82"}
[2024-08-26T16:32:49.332449+00:00] slim-app.INFO: Users list was viewed. [] {"uid":"f88a043"}
[2024-08-26T16:33:13.519951+00:00] slim-app.INFO: Users list was viewed. [] {"uid":"fecb346"}
[2024-08-26T16:33:13.520040+00:00] slim-app.INFO: Users list was viewed. [] {"uid":"8b12eae"}
[2024-08-26T16:34:13.969459+00:00] slim-app.INFO: Users list was viewed. [] {"uid":"8a26733"}
[2024-08-26T16:34:14.011402+00:00] slim-app.INFO: Users list was viewed. [] {"uid":"c7dbd90"}
[2024-08-26T16:35:01.116817+00:00] slim-app.INFO: Users list was viewed. [] {"uid":"88eb472"}
[2024-08-26T16:35:07.786788+00:00] slim-app.INFO: Users list was viewed. [] {"uid":"5d2b0fa"}
[2024-08-26T16:35:07.788955+00:00] slim-app.INFO: Users list was viewed. [] {"uid":"6d409da"}
[2024-08-26T16:36:35.593729+00:00] slim-app.INFO: Users list was viewed. [] {"uid":"ca497ab"}
[2024-08-26T16:36:39.792238+00:00] slim-app.INFO: Users list was viewed. [] {"uid":"843b4b2"}
[2024-08-26T16:36:39.795071+00:00] slim-app.INFO: Users list was viewed. [] {"uid":"37a7cb7"}
[2024-08-26T16:36:40.239071+00:00] slim-app.INFO: Menu of id `1` was viewed. [] {"uid":"d50ec80"}
[2024-08-26T16:36:47.856059+00:00] slim-app.INFO: Users list was viewed. [] {"uid":"7203b64"}
[2024-08-26T16:36:58.674716+00:00] slim-app.INFO: Users list was viewed. [] {"uid":"e5ad8a4"}
[2024-08-26T16:37:42.907934+00:00] slim-app.INFO: Users list was viewed. [] {"uid":"8c291e1"}
[2024-08-26T16:37:55.724663+00:00] slim-app.INFO: Users list was viewed. [] {"uid":"ba50fb5"}
[2024-08-26T16:38:24.030594+00:00] slim-app.INFO: Users list was viewed. [] {"uid":"562df7f"}
[2024-08-26T16:38:24.031444+00:00] slim-app.INFO: Users list was viewed. [] {"uid":"ef1c712"}
[2024-08-26T16:38:24.126641+00:00] slim-app.INFO: Menu of id `1` was viewed. [] {"uid":"8d8a7ce"}
[2024-08-26T16:38:46.998871+00:00] slim-app.INFO: Users list was viewed. [] {"uid":"364b8d4"}
[2024-08-26T16:39:00.847408+00:00] slim-app.INFO: Users list was viewed. [] {"uid":"13dff69"}
[2024-08-26T16:39:07.936461+00:00] slim-app.INFO: Users list was viewed. [] {"uid":"34132d8"}
[2024-08-26T16:39:07.936559+00:00] slim-app.INFO: Users list was viewed. [] {"uid":"f2e9bee"}
[2024-08-26T16:39:18.785649+00:00] slim-app.INFO: Users list was viewed. [] {"uid":"94d2ba5"}
[2024-08-26T16:39:18.785721+00:00] slim-app.INFO: Users list was viewed. [] {"uid":"937477e"}
[2024-08-26T16:39:18.923402+00:00] slim-app.INFO: Menu of id `1` was viewed. [] {"uid":"a43c55a"}
[2024-08-26T16:39:36.884036+00:00] slim-app.INFO: Users list was viewed. [] {"uid":"0fc4fe2"}
[2024-08-26T16:39:36.895606+00:00] slim-app.INFO: Users list was viewed. [] {"uid":"dcf24cd"}
[2024-08-26T16:39:37.012716+00:00] slim-app.INFO: Menu of id `1` was viewed. [] {"uid":"3aa7f5b"}
[2024-08-26T16:40:50.726392+00:00] slim-app.INFO: Users list was viewed. [] {"uid":"96ef3d0"}
[2024-08-26T16:40:50.726404+00:00] slim-app.INFO: Users list was viewed. [] {"uid":"8931b8b"}
[2024-08-26T16:42:20.594701+00:00] slim-app.INFO: Users list was viewed. [] {"uid":"5a3d1ed"}
[2024-08-26T16:42:45.942923+00:00] slim-app.INFO: Users list was viewed. [] {"uid":"c32ff6e"}
[2024-08-26T16:42:45.942923+00:00] slim-app.INFO: Users list was viewed. [] {"uid":"4a72d01"}
[2024-08-26T16:44:54.717058+00:00] slim-app.INFO: Users list was viewed. [] {"uid":"6279b7d"}
[2024-08-26T16:45:32.794264+00:00] slim-app.INFO: Users list was viewed. [] {"uid":"3d6917d"}
[2024-08-26T16:46:07.007171+00:00] slim-app.INFO: Users list was viewed. [] {"uid":"1900b95"}
[2024-08-26T16:50:02.199000+00:00] slim-app.INFO: Users list was viewed. [] {"uid":"d9e8abd"}
[2024-08-26T21:02:50.129218+00:00] slim-app.INFO: Menu of id `1` was viewed. [] {"uid":"ae93b45"}
[2024-08-26T21:02:53.196189+00:00] slim-app.INFO: Users list was viewed. [] {"uid":"c565fc3"}
[2024-08-26T21:02:53.196189+00:00] slim-app.INFO: Users list was viewed. [] {"uid":"72f0508"}
[2024-08-26T21:03:01.831130+00:00] slim-app.INFO: Users list was viewed. [] {"uid":"1ce6d6b"}
[2024-08-26T21:04:21.970761+00:00] slim-app.INFO: Users list was viewed. [] {"uid":"4b9c76f"}
[2024-08-26T21:05:17.730849+00:00] slim-app.INFO: Users list was viewed. [] {"uid":"f9f745b"}
[2024-08-26T21:05:34.425886+00:00] slim-app.INFO: Users list was viewed. [] {"uid":"f5e631e"}
[2024-08-26T21:05:58.366804+00:00] slim-app.INFO: Users list was viewed. [] {"uid":"8e109f8"}
[2024-08-26T21:06:12.835575+00:00] slim-app.INFO: Users list was viewed. [] {"uid":"9f73476"}
[2024-08-26T21:06:18.049449+00:00] slim-app.INFO: Users list was viewed. [] {"uid":"b3d858d"}
[2024-08-26T21:07:37.040107+00:00] slim-app.INFO: Users list was viewed. [] {"uid":"bd381b7"}
[2024-08-26T21:07:46.766530+00:00] slim-app.INFO: Users list was viewed. [] {"uid":"fba7cdb"}
[2024-08-26T21:13:55.983115+00:00] slim-app.INFO: Users list was viewed. [] {"uid":"e4c7619"}
[2024-08-26T21:14:09.589460+00:00] slim-app.INFO: Users list was viewed. [] {"uid":"9ece5ac"}
[2024-08-26T21:14:09.591495+00:00] slim-app.INFO: Users list was viewed. [] {"uid":"3f8a3dc"}
[2024-08-26T21:14:09.792602+00:00] slim-app.INFO: Menu of id `1` was viewed. [] {"uid":"9232805"}
[2024-08-26T21:15:43.212429+00:00] slim-app.INFO: Users list was viewed. [] {"uid":"b32f0c2"}
[2024-08-26T21:15:56.953616+00:00] slim-app.INFO: Users list was viewed. [] {"uid":"2ed66b7"}
[2024-08-26T21:15:56.953616+00:00] slim-app.INFO: Users list was viewed. [] {"uid":"33529ae"}
[2024-08-26T21:15:57.089738+00:00] slim-app.INFO: Menu of id `1` was viewed. [] {"uid":"df5437b"}
[2024-08-26T21:16:13.977370+00:00] slim-app.INFO: Users list was viewed. [] {"uid":"5106276"}
[2024-08-26T21:16:13.980173+00:00] slim-app.INFO: Users list was viewed. [] {"uid":"3d74375"}
[2024-08-26T21:18:29.462950+00:00] slim-app.INFO: Users list was viewed. [] {"uid":"74e4e90"}
[2024-08-26T21:20:06.979486+00:00] slim-app.INFO: Users list was viewed. [] {"uid":"ce4eaaa"}
[2024-08-26T21:20:33.375164+00:00] slim-app.INFO: Users list was viewed. [] {"uid":"f76e8c0"}
[2024-08-26T21:20:33.375164+00:00] slim-app.INFO: Users list was viewed. [] {"uid":"69b553a"}
[2024-08-26T21:20:33.507146+00:00] slim-app.INFO: Menu of id `1` was viewed. [] {"uid":"fa4d7d8"}
[2024-08-26T21:22:57.331428+00:00] slim-app.INFO: Users list was viewed. [] {"uid":"cb25e8c"}
[2024-08-26T21:22:57.868989+00:00] slim-app.INFO: Users list was viewed. [] {"uid":"95e9001"}
[2024-08-26T21:30:23.790772+00:00] slim-app.INFO: Users list was viewed. [] {"uid":"fad6b93"}
[2024-08-26T21:30:42.103242+00:00] slim-app.INFO: Users list was viewed. [] {"uid":"258b609"}
[2024-08-26T21:30:54.066013+00:00] slim-app.INFO: Users list was viewed. [] {"uid":"c48b5ed"}
[2024-08-26T21:30:54.073118+00:00] slim-app.INFO: Users list was viewed. [] {"uid":"5c19dcf"}
[2024-08-26T21:30:54.208623+00:00] slim-app.INFO: Menu of id `1` was viewed. [] {"uid":"60c060d"}
[2024-08-26T21:32:12.982402+00:00] slim-app.INFO: Users list was viewed. [] {"uid":"253a917"}
[2024-08-26T21:32:27.706687+00:00] slim-app.INFO: Users list was viewed. [] {"uid":"77a5523"}
[2024-08-26T21:32:27.706826+00:00] slim-app.INFO: Users list was viewed. [] {"uid":"b6d0baa"}
[2024-08-26T21:32:27.850113+00:00] slim-app.INFO: Menu of id `1` was viewed. [] {"uid":"4722bec"}
[2024-08-26T21:33:34.239241+00:00] slim-app.INFO: Users list was viewed. [] {"uid":"aad2f7f"}
[2024-08-26T21:34:00.863940+00:00] slim-app.INFO: Users list was viewed. [] {"uid":"9c25cb3"}
[2024-08-26T21:34:16.236919+00:00] slim-app.INFO: Users list was viewed. [] {"uid":"bf36336"}
[2024-08-26T21:34:16.898247+00:00] slim-app.INFO: Users list was viewed. [] {"uid":"68026c2"}
[2024-08-26T21:34:37.167687+00:00] slim-app.INFO: Users list was viewed. [] {"uid":"6a9e628"}
[2024-08-26T21:37:06.189590+00:00] slim-app.INFO: Users list was viewed. [] {"uid":"19f2736"}
[2024-08-26T21:37:21.872911+00:00] slim-app.INFO: Users list was viewed. [] {"uid":"cbe7346"}
[2024-08-26T21:37:28.338765+00:00] slim-app.INFO: Users list was viewed. [] {"uid":"53d27f7"}
[2024-08-26T21:37:28.338765+00:00] slim-app.INFO: Users list was viewed. [] {"uid":"8e17323"}
[2024-08-26T21:38:12.109469+00:00] slim-app.INFO: Users list was viewed. [] {"uid":"dd9160b"}
[2024-08-26T21:39:39.391214+00:00] slim-app.INFO: Users list was viewed. [] {"uid":"d48799a"}
[2024-08-26T21:40:15.960646+00:00] slim-app.INFO: Users list was viewed. [] {"uid":"41cefe1"}
[2024-08-26T21:44:14.045742+00:00] slim-app.INFO: Users list was viewed. [] {"uid":"342a67c"}
[2024-08-26T21:44:30.815647+00:00] slim-app.INFO: Users list was viewed. [] {"uid":"f2fafe4"}
[2024-08-26T21:44:40.797616+00:00] slim-app.INFO: Users list was viewed. [] {"uid":"acbf95e"}
[2024-08-26T21:44:40.805284+00:00] slim-app.INFO: Users list was viewed. [] {"uid":"71da8f1"}
[2024-08-26T21:44:41.083190+00:00] slim-app.INFO: Menu of id `1` was viewed. [] {"uid":"eaf7831"}
[2024-08-26T21:44:50.353890+00:00] slim-app.INFO: Users list was viewed. [] {"uid":"6851f52"}
[2024-08-26T21:45:22.877389+00:00] slim-app.INFO: Users list was viewed. [] {"uid":"8f4d547"}
[2024-08-26T21:45:26.316808+00:00] slim-app.INFO: Users list was viewed. [] {"uid":"e6fb939"}
[2024-08-26T21:45:26.318425+00:00] slim-app.INFO: Users list was viewed. [] {"uid":"639603a"}
[2024-08-26T21:45:26.558994+00:00] slim-app.INFO: Menu of id `1` was viewed. [] {"uid":"324ad60"}
[2024-08-26T21:45:35.433081+00:00] slim-app.INFO: Users list was viewed. [] {"uid":"0c47b2a"}
[2024-08-26T21:46:05.631197+00:00] slim-app.INFO: Users list was viewed. [] {"uid":"0b59016"}
[2024-08-26T21:46:11.506749+00:00] slim-app.INFO: Users list was viewed. [] {"uid":"a68dc40"}
[2024-08-26T21:46:14.568721+00:00] slim-app.INFO: Users list was viewed. [] {"uid":"f5b7159"}
[2024-08-26T21:46:14.569133+00:00] slim-app.INFO: Users list was viewed. [] {"uid":"795b11a"}
[2024-08-26T21:46:14.819236+00:00] slim-app.INFO: Menu of id `1` was viewed. [] {"uid":"da1e886"}
[2024-08-26T21:46:21.422055+00:00] slim-app.INFO: Users list was viewed. [] {"uid":"f2d6280"}
[2024-08-26T21:49:27.884333+00:00] slim-app.INFO: Users list was viewed. [] {"uid":"63f218d"}
[2024-08-26T21:49:31.436676+00:00] slim-app.INFO: Users list was viewed. [] {"uid":"74815b5"}
[2024-08-26T21:49:31.436652+00:00] slim-app.INFO: Users list was viewed. [] {"uid":"884b3a9"}
[2024-08-26T21:49:31.642913+00:00] slim-app.INFO: Menu of id `1` was viewed. [] {"uid":"c5381c2"}
[2024-08-26T21:50:16.714581+00:00] slim-app.INFO: Users list was viewed. [] {"uid":"0560fa5"}
